  pch.cpp
  301CR.cpp
d:\university-year3\repos\301cr_code\301cr\levelloader.h(25): warning C4091: 'static ': ignored on left of 'LevelLoader' when no variable is declared
d:\university-year3\repos\301cr_code\301cr\301cr.cpp(86): warning C4018: '<': signed/unsigned mismatch
d:\university-year3\repos\301cr_code\301cr\301cr.cpp(273): warning C4018: '<': signed/unsigned mismatch
d:\university-year3\repos\301cr_code\301cr\301cr.cpp(332): warning C4018: '<': signed/unsigned mismatch
d:\university-year3\repos\301cr_code\301cr\301cr.cpp(472): warning C4018: '<': signed/unsigned mismatch
  Animation.cpp
  Animator.cpp
d:\university-year3\repos\301cr_code\301cr\animator.cpp(19): warning C4018: '<': signed/unsigned mismatch
d:\university-year3\repos\301cr_code\301cr\animator.cpp(46): warning C4018: '<': signed/unsigned mismatch
  Collectible.cpp
d:\university-year3\repos\301cr_code\301cr\collectible.cpp(26): warning C4244: 'argument': conversion from 'int' to 'float', possible loss of data
  ContactListener.cpp
d:\university-year3\repos\301cr_code\301cr\contactlistener.cpp(50): warning C4018: '<': signed/unsigned mismatch
d:\university-year3\repos\301cr_code\301cr\contactlistener.cpp(79): warning C4018: '<': signed/unsigned mismatch
  Crosshair.cpp
  GameObject.cpp
  Ground.cpp
d:\university-year3\repos\301cr_code\301cr\ground.cpp(89): warning C4244: 'argument': conversion from 'int' to 'float', possible loss of data
d:\university-year3\repos\301cr_code\301cr\ground.cpp(117): warning C4018: '<': signed/unsigned mismatch
  LevelLoader.cpp
d:\university-year3\repos\301cr_code\301cr\levelloader.h(25): warning C4091: 'static ': ignored on left of 'LevelLoader' when no variable is declared
d:\university-year3\repos\301cr_code\301cr\levelloader.cpp(45): warning C4018: '<': signed/unsigned mismatch
d:\university-year3\repos\301cr_code\301cr\levelloader.cpp(90): warning C4018: '<': signed/unsigned mismatch
d:\university-year3\repos\301cr_code\301cr\levelloader.cpp(120): warning C4018: '<': signed/unsigned mismatch
d:\university-year3\repos\301cr_code\301cr\levelloader.cpp(128): warning C4018: '<': signed/unsigned mismatch
d:\university-year3\repos\301cr_code\301cr\levelloader.cpp(142): warning C4018: '<': signed/unsigned mismatch
  Player.cpp
d:\university-year3\repos\301cr_code\301cr\player.cpp(23): warning C4244: 'argument': conversion from 'int' to 'float', possible loss of data
  Projectile.cpp
  UISystem.cpp
Box2D.lib(b2World.obj) : error LNK2038: mismatch detected for '_ITERATOR_DEBUG_LEVEL': value '2' doesn't match value '0' in 301CR.obj
Box2D.lib(b2World.obj) : error LNK2038: mismatch detected for 'RuntimeLibrary': value 'MDd_DynamicDebug' doesn't match value 'MD_DynamicRelease' in 301CR.obj
Box2D.lib(b2Body.obj) : error LNK2038: mismatch detected for '_ITERATOR_DEBUG_LEVEL': value '2' doesn't match value '0' in 301CR.obj
Box2D.lib(b2Body.obj) : error LNK2038: mismatch detected for 'RuntimeLibrary': value 'MDd_DynamicDebug' doesn't match value 'MD_DynamicRelease' in 301CR.obj
Box2D.lib(b2CircleShape.obj) : error LNK2038: mismatch detected for '_ITERATOR_DEBUG_LEVEL': value '2' doesn't match value '0' in 301CR.obj
Box2D.lib(b2CircleShape.obj) : error LNK2038: mismatch detected for 'RuntimeLibrary': value 'MDd_DynamicDebug' doesn't match value 'MD_DynamicRelease' in 301CR.obj
Box2D.lib(b2PolygonShape.obj) : error LNK2038: mismatch detected for '_ITERATOR_DEBUG_LEVEL': value '2' doesn't match value '0' in 301CR.obj
Box2D.lib(b2PolygonShape.obj) : error LNK2038: mismatch detected for 'RuntimeLibrary': value 'MDd_DynamicDebug' doesn't match value 'MD_DynamicRelease' in 301CR.obj
Box2D.lib(b2BroadPhase.obj) : error LNK2038: mismatch detected for '_ITERATOR_DEBUG_LEVEL': value '2' doesn't match value '0' in 301CR.obj
Box2D.lib(b2BroadPhase.obj) : error LNK2038: mismatch detected for 'RuntimeLibrary': value 'MDd_DynamicDebug' doesn't match value 'MD_DynamicRelease' in 301CR.obj
Box2D.lib(b2ContactManager.obj) : error LNK2038: mismatch detected for '_ITERATOR_DEBUG_LEVEL': value '2' doesn't match value '0' in 301CR.obj
Box2D.lib(b2ContactManager.obj) : error LNK2038: mismatch detected for 'RuntimeLibrary': value 'MDd_DynamicDebug' doesn't match value 'MD_DynamicRelease' in 301CR.obj
Box2D.lib(b2Fixture.obj) : error LNK2038: mismatch detected for '_ITERATOR_DEBUG_LEVEL': value '2' doesn't match value '0' in 301CR.obj
Box2D.lib(b2Fixture.obj) : error LNK2038: mismatch detected for 'RuntimeLibrary': value 'MDd_DynamicDebug' doesn't match value 'MD_DynamicRelease' in 301CR.obj
Box2D.lib(b2Island.obj) : error LNK2038: mismatch detected for '_ITERATOR_DEBUG_LEVEL': value '2' doesn't match value '0' in 301CR.obj
Box2D.lib(b2Island.obj) : error LNK2038: mismatch detected for 'RuntimeLibrary': value 'MDd_DynamicDebug' doesn't match value 'MD_DynamicRelease' in 301CR.obj
Box2D.lib(b2Joint.obj) : error LNK2038: mismatch detected for '_ITERATOR_DEBUG_LEVEL': value '2' doesn't match value '0' in 301CR.obj
Box2D.lib(b2Joint.obj) : error LNK2038: mismatch detected for 'RuntimeLibrary': value 'MDd_DynamicDebug' doesn't match value 'MD_DynamicRelease' in 301CR.obj
Box2D.lib(b2PulleyJoint.obj) : error LNK2038: mismatch detected for '_ITERATOR_DEBUG_LEVEL': value '2' doesn't match value '0' in 301CR.obj
Box2D.lib(b2PulleyJoint.obj) : error LNK2038: mismatch detected for 'RuntimeLibrary': value 'MDd_DynamicDebug' doesn't match value 'MD_DynamicRelease' in 301CR.obj
Box2D.lib(b2Contact.obj) : error LNK2038: mismatch detected for '_ITERATOR_DEBUG_LEVEL': value '2' doesn't match value '0' in 301CR.obj
Box2D.lib(b2Contact.obj) : error LNK2038: mismatch detected for 'RuntimeLibrary': value 'MDd_DynamicDebug' doesn't match value 'MD_DynamicRelease' in 301CR.obj
Box2D.lib(b2WorldCallbacks.obj) : error LNK2038: mismatch detected for '_ITERATOR_DEBUG_LEVEL': value '2' doesn't match value '0' in 301CR.obj
Box2D.lib(b2WorldCallbacks.obj) : error LNK2038: mismatch detected for 'RuntimeLibrary': value 'MDd_DynamicDebug' doesn't match value 'MD_DynamicRelease' in 301CR.obj
Box2D.lib(b2ContactSolver.obj) : error LNK2038: mismatch detected for '_ITERATOR_DEBUG_LEVEL': value '2' doesn't match value '0' in 301CR.obj
Box2D.lib(b2ContactSolver.obj) : error LNK2038: mismatch detected for 'RuntimeLibrary': value 'MDd_DynamicDebug' doesn't match value 'MD_DynamicRelease' in 301CR.obj
Box2D.lib(b2DistanceJoint.obj) : error LNK2038: mismatch detected for '_ITERATOR_DEBUG_LEVEL': value '2' doesn't match value '0' in 301CR.obj
Box2D.lib(b2DistanceJoint.obj) : error LNK2038: mismatch detected for 'RuntimeLibrary': value 'MDd_DynamicDebug' doesn't match value 'MD_DynamicRelease' in 301CR.obj
Box2D.lib(b2WheelJoint.obj) : error LNK2038: mismatch detected for '_ITERATOR_DEBUG_LEVEL': value '2' doesn't match value '0' in 301CR.obj
Box2D.lib(b2WheelJoint.obj) : error LNK2038: mismatch detected for 'RuntimeLibrary': value 'MDd_DynamicDebug' doesn't match value 'MD_DynamicRelease' in 301CR.obj
Box2D.lib(b2MouseJoint.obj) : error LNK2038: mismatch detected for '_ITERATOR_DEBUG_LEVEL': value '2' doesn't match value '0' in 301CR.obj
Box2D.lib(b2MouseJoint.obj) : error LNK2038: mismatch detected for 'RuntimeLibrary': value 'MDd_DynamicDebug' doesn't match value 'MD_DynamicRelease' in 301CR.obj
Box2D.lib(b2RevoluteJoint.obj) : error LNK2038: mismatch detected for '_ITERATOR_DEBUG_LEVEL': value '2' doesn't match value '0' in 301CR.obj
Box2D.lib(b2RevoluteJoint.obj) : error LNK2038: mismatch detected for 'RuntimeLibrary': value 'MDd_DynamicDebug' doesn't match value 'MD_DynamicRelease' in 301CR.obj
Box2D.lib(b2PrismaticJoint.obj) : error LNK2038: mismatch detected for '_ITERATOR_DEBUG_LEVEL': value '2' doesn't match value '0' in 301CR.obj
Box2D.lib(b2PrismaticJoint.obj) : error LNK2038: mismatch detected for 'RuntimeLibrary': value 'MDd_DynamicDebug' doesn't match value 'MD_DynamicRelease' in 301CR.obj
Box2D.lib(b2GearJoint.obj) : error LNK2038: mismatch detected for '_ITERATOR_DEBUG_LEVEL': value '2' doesn't match value '0' in 301CR.obj
Box2D.lib(b2GearJoint.obj) : error LNK2038: mismatch detected for 'RuntimeLibrary': value 'MDd_DynamicDebug' doesn't match value 'MD_DynamicRelease' in 301CR.obj
Box2D.lib(b2WeldJoint.obj) : error LNK2038: mismatch detected for '_ITERATOR_DEBUG_LEVEL': value '2' doesn't match value '0' in 301CR.obj
Box2D.lib(b2WeldJoint.obj) : error LNK2038: mismatch detected for 'RuntimeLibrary': value 'MDd_DynamicDebug' doesn't match value 'MD_DynamicRelease' in 301CR.obj
Box2D.lib(b2FrictionJoint.obj) : error LNK2038: mismatch detected for '_ITERATOR_DEBUG_LEVEL': value '2' doesn't match value '0' in 301CR.obj
Box2D.lib(b2FrictionJoint.obj) : error LNK2038: mismatch detected for 'RuntimeLibrary': value 'MDd_DynamicDebug' doesn't match value 'MD_DynamicRelease' in 301CR.obj
Box2D.lib(b2RopeJoint.obj) : error LNK2038: mismatch detected for '_ITERATOR_DEBUG_LEVEL': value '2' doesn't match value '0' in 301CR.obj
Box2D.lib(b2RopeJoint.obj) : error LNK2038: mismatch detected for 'RuntimeLibrary': value 'MDd_DynamicDebug' doesn't match value 'MD_DynamicRelease' in 301CR.obj
Box2D.lib(b2MotorJoint.obj) : error LNK2038: mismatch detected for '_ITERATOR_DEBUG_LEVEL': value '2' doesn't match value '0' in 301CR.obj
Box2D.lib(b2MotorJoint.obj) : error LNK2038: mismatch detected for 'RuntimeLibrary': value 'MDd_DynamicDebug' doesn't match value 'MD_DynamicRelease' in 301CR.obj
Box2D.lib(b2CircleContact.obj) : error LNK2038: mismatch detected for '_ITERATOR_DEBUG_LEVEL': value '2' doesn't match value '0' in 301CR.obj
Box2D.lib(b2CircleContact.obj) : error LNK2038: mismatch detected for 'RuntimeLibrary': value 'MDd_DynamicDebug' doesn't match value 'MD_DynamicRelease' in 301CR.obj
Box2D.lib(b2PolygonAndCircleContact.obj) : error LNK2038: mismatch detected for '_ITERATOR_DEBUG_LEVEL': value '2' doesn't match value '0' in 301CR.obj
Box2D.lib(b2PolygonAndCircleContact.obj) : error LNK2038: mismatch detected for 'RuntimeLibrary': value 'MDd_DynamicDebug' doesn't match value 'MD_DynamicRelease' in 301CR.obj
Box2D.lib(b2PolygonContact.obj) : error LNK2038: mismatch detected for '_ITERATOR_DEBUG_LEVEL': value '2' doesn't match value '0' in 301CR.obj
Box2D.lib(b2PolygonContact.obj) : error LNK2038: mismatch detected for 'RuntimeLibrary': value 'MDd_DynamicDebug' doesn't match value 'MD_DynamicRelease' in 301CR.obj
Box2D.lib(b2EdgeAndCircleContact.obj) : error LNK2038: mismatch detected for '_ITERATOR_DEBUG_LEVEL': value '2' doesn't match value '0' in 301CR.obj
Box2D.lib(b2EdgeAndCircleContact.obj) : error LNK2038: mismatch detected for 'RuntimeLibrary': value 'MDd_DynamicDebug' doesn't match value 'MD_DynamicRelease' in 301CR.obj
Box2D.lib(b2EdgeAndPolygonContact.obj) : error LNK2038: mismatch detected for '_ITERATOR_DEBUG_LEVEL': value '2' doesn't match value '0' in 301CR.obj
Box2D.lib(b2EdgeAndPolygonContact.obj) : error LNK2038: mismatch detected for 'RuntimeLibrary': value 'MDd_DynamicDebug' doesn't match value 'MD_DynamicRelease' in 301CR.obj
Box2D.lib(b2ChainAndCircleContact.obj) : error LNK2038: mismatch detected for '_ITERATOR_DEBUG_LEVEL': value '2' doesn't match value '0' in 301CR.obj
Box2D.lib(b2ChainAndCircleContact.obj) : error LNK2038: mismatch detected for 'RuntimeLibrary': value 'MDd_DynamicDebug' doesn't match value 'MD_DynamicRelease' in 301CR.obj
Box2D.lib(b2ChainAndPolygonContact.obj) : error LNK2038: mismatch detected for '_ITERATOR_DEBUG_LEVEL': value '2' doesn't match value '0' in 301CR.obj
Box2D.lib(b2ChainAndPolygonContact.obj) : error LNK2038: mismatch detected for 'RuntimeLibrary': value 'MDd_DynamicDebug' doesn't match value 'MD_DynamicRelease' in 301CR.obj
Box2D.lib(b2ChainShape.obj) : error LNK2038: mismatch detected for '_ITERATOR_DEBUG_LEVEL': value '2' doesn't match value '0' in 301CR.obj
Box2D.lib(b2ChainShape.obj) : error LNK2038: mismatch detected for 'RuntimeLibrary': value 'MDd_DynamicDebug' doesn't match value 'MD_DynamicRelease' in 301CR.obj
Box2D.lib(b2EdgeShape.obj) : error LNK2038: mismatch detected for '_ITERATOR_DEBUG_LEVEL': value '2' doesn't match value '0' in 301CR.obj
Box2D.lib(b2EdgeShape.obj) : error LNK2038: mismatch detected for 'RuntimeLibrary': value 'MDd_DynamicDebug' doesn't match value 'MD_DynamicRelease' in 301CR.obj
LINK : warning LNK4098: defaultlib 'MSVCRTD' conflicts with use of other libs; use /NODEFAULTLIB:library
D:\University-Year3\Repos\301CR_CODE\Release\301CR.exe : fatal error LNK1319: 64 mismatches detected
