d:\university-year3\repos\301cr_code\301cr\debug\vc141.pdb
d:\university-year3\repos\301cr_code\301cr\debug\vc141.idb
d:\university-year3\repos\301cr_code\301cr\debug\projectile.obj
d:\university-year3\repos\301cr_code\301cr\debug\player.obj
d:\university-year3\repos\301cr_code\301cr\debug\ground.obj
d:\university-year3\repos\301cr_code\301cr\debug\graphicssystem.obj
d:\university-year3\repos\301cr_code\301cr\debug\crosshair.obj
d:\university-year3\repos\301cr_code\301cr\debug\contactlistener.obj
d:\university-year3\repos\301cr_code\301cr\debug\animator.obj
d:\university-year3\repos\301cr_code\301cr\debug\animation.obj
d:\university-year3\repos\301cr_code\301cr\debug\301cr.obj
d:\university-year3\repos\301cr_code\301cr\debug\301cr.pch
d:\university-year3\repos\301cr_code\301cr\debug\pch.obj
d:\university-year3\repos\301cr_code\301cr\debug\gameobject.obj
d:\university-year3\repos\301cr_code\301cr\debug\uisystem.obj
d:\university-year3\repos\301cr_code\301cr\debug\collectible.obj
d:\university-year3\repos\301cr_code\301cr\debug\levelloader.obj
d:\university-year3\repos\301cr_code\debug\301cr.exe
d:\university-year3\repos\301cr_code\debug\301cr.ilk
d:\university-year3\repos\301cr_code\debug\301cr.pdb
d:\university-year3\repos\301cr_code\301cr\debug\301cr.tlog\cl.command.1.tlog
d:\university-year3\repos\301cr_code\301cr\debug\301cr.tlog\cl.read.1.tlog
d:\university-year3\repos\301cr_code\301cr\debug\301cr.tlog\cl.write.1.tlog
d:\university-year3\repos\301cr_code\301cr\debug\301cr.tlog\link.command.1.tlog
d:\university-year3\repos\301cr_code\301cr\debug\301cr.tlog\link.read.1.tlog
d:\university-year3\repos\301cr_code\301cr\debug\301cr.tlog\link.write.1.tlog
d:\university-year3\repos\301cr_code\301cr\debug\301cr.tlog\rc.command.1.tlog
d:\university-year3\repos\301cr_code\301cr\debug\301cr.tlog\rc.read.1.tlog
d:\university-year3\repos\301cr_code\301cr\debug\301cr.tlog\rc.write.1.tlog
